e:\学习\研究生\图形学培训02\directx11-with-windows-sdk-master\03 rendering a cube\vs2019_win10\debug\vc142.pdb
e:\学习\研究生\图形学培训02\directx11-with-windows-sdk-master\03 rendering a cube\vs2019_win10\debug\vc142.idb
e:\学习\研究生\图形学培训02\directx11-with-windows-sdk-master\03 rendering a cube\vs2019_win10\debug\main.obj
e:\学习\研究生\图形学培训02\directx11-with-windows-sdk-master\03 rendering a cube\vs2019_win10\debug\gametimer.obj
e:\学习\研究生\图形学培训02\directx11-with-windows-sdk-master\03 rendering a cube\vs2019_win10\debug\gameapp.obj
e:\学习\研究生\图形学培训02\directx11-with-windows-sdk-master\03 rendering a cube\vs2019_win10\debug\dxtrace.obj
e:\学习\研究生\图形学培训02\directx11-with-windows-sdk-master\03 rendering a cube\vs2019_win10\debug\d3dutil.obj
e:\学习\研究生\图形学培训02\directx11-with-windows-sdk-master\03 rendering a cube\vs2019_win10\debug\d3dapp.obj
e:\学习\研究生\图形学培训02\作业\图形学作业3_马明阳\vs2019_win10\debug\vc142.pdb
e:\学习\研究生\图形学培训02\作业\图形学作业3_马明阳\vs2019_win10\debug\vc142.idb
e:\学习\研究生\图形学培训02\作业\图形学作业3_马明阳\vs2019_win10\debug\namevertices.obj
e:\学习\研究生\图形学培训02\作业\图形学作业3_马明阳\vs2019_win10\debug\main.obj
e:\学习\研究生\图形学培训02\作业\图形学作业3_马明阳\vs2019_win10\debug\gametimer.obj
e:\学习\研究生\图形学培训02\作业\图形学作业3_马明阳\vs2019_win10\debug\gameapp.obj
e:\学习\研究生\图形学培训02\作业\图形学作业3_马明阳\vs2019_win10\debug\dxtrace.obj
e:\学习\研究生\图形学培训02\作业\图形学作业3_马明阳\vs2019_win10\debug\d3dutil.obj
e:\学习\研究生\图形学培训02\作业\图形学作业3_马明阳\vs2019_win10\debug\d3dapp.obj
d:\fun\cgbhomeworks\homework2\vs2019_win10\debug\vc143.pdb
d:\fun\cgbhomeworks\homework2\vs2019_win10\debug\vc143.idb
d:\fun\cgbhomeworks\homework2\vs2019_win10\debug\namevertices.obj
d:\fun\cgbhomeworks\homework2\vs2019_win10\debug\main.obj
d:\fun\cgbhomeworks\homework2\vs2019_win10\debug\gametimer.obj
d:\fun\cgbhomeworks\homework2\vs2019_win10\debug\gameapp.obj
d:\fun\cgbhomeworks\homework2\vs2019_win10\debug\dxtrace.obj
d:\fun\cgbhomeworks\homework2\vs2019_win10\debug\d3dutil.obj
d:\fun\cgbhomeworks\homework2\vs2019_win10\debug\d3dapp.obj
e:\学习\研究生\图形学培训02\directx11-with-windows-sdk-master\03 rendering a cube\hlsl\cube_ps.cso
e:\学习\研究生\图形学培训02\directx11-with-windows-sdk-master\03 rendering a cube\hlsl\cube_vs.cso
e:\学习\研究生\图形学培训02\作业\图形学作业3_马明阳\hlsl\cube_ps.cso
e:\学习\研究生\图形学培训02\作业\图形学作业3_马明阳\hlsl\cube_vs.cso
d:\fun\directx11sourcecode\编程作业2-字符森林-范例\hlsl\cube_ps.cso
d:\fun\directx11sourcecode\编程作业2-字符森林-范例\hlsl\cube_vs.cso
d:\fun\cgbhomeworks\homework2\hlsl\cube_ps.cso
d:\fun\cgbhomeworks\homework2\hlsl\cube_vs.cso
e:\学习\研究生\图形学培训02\directx11-with-windows-sdk-master\03 rendering a cube\vs2019_win10\debug\03 rendering a cube(2019 win10).ilk
e:\学习\研究生\图形学培训02\directx11-with-windows-sdk-master\03 rendering a cube\03 rendering a cube(2019 win10).exe
e:\学习\研究生\图形学培训02\directx11-with-windows-sdk-master\03 rendering a cube\03 rendering a cube(2019 win10).pdb
e:\学习\研究生\图形学培训02\作业\图形学作业3_马明阳\03 rendering a cube(2019 win10).exe
e:\学习\研究生\图形学培训02\作业\图形学作业3_马明阳\vs2019_win10\debug\03 rendering a cube(2019 win10).ilk
e:\学习\研究生\图形学培训02\作业\图形学作业3_马明阳\03 rendering a cube(2019 win10).pdb
d:\fun\cgbhomeworks\homework2\03 rendering a cube(2019 win10).exe
d:\fun\cgbhomeworks\homework2\vs2019_win10\debug\03 rendering a cube(2019 win10).ilk
d:\fun\cgbhomeworks\homework2\03 rendering a cube(2019 win10).pdb
d:\fun\cgbhomeworks\homework2\vs2019_win10\debug\vc142.idb
d:\fun\cgbhomeworks\homework2\vs2019_win10\debug\vc142.pdb
d:\fun\cgbhomeworks\homework2\vs2019_win10\debug\03 rende.10fd2630.tlog\cl.command.1.tlog
d:\fun\cgbhomeworks\homework2\vs2019_win10\debug\03 rende.10fd2630.tlog\cl.items.tlog
d:\fun\cgbhomeworks\homework2\vs2019_win10\debug\03 rende.10fd2630.tlog\cl.read.1.tlog
d:\fun\cgbhomeworks\homework2\vs2019_win10\debug\03 rende.10fd2630.tlog\cl.write.1.tlog
d:\fun\cgbhomeworks\homework2\vs2019_win10\debug\03 rende.10fd2630.tlog\fxc.command.1.tlog
d:\fun\cgbhomeworks\homework2\vs2019_win10\debug\03 rende.10fd2630.tlog\fxc.read.1.tlog
d:\fun\cgbhomeworks\homework2\vs2019_win10\debug\03 rende.10fd2630.tlog\fxc.write.1.tlog
d:\fun\cgbhomeworks\homework2\vs2019_win10\debug\03 rende.10fd2630.tlog\link.command.1.tlog
d:\fun\cgbhomeworks\homework2\vs2019_win10\debug\03 rende.10fd2630.tlog\link.read.1.tlog
d:\fun\cgbhomeworks\homework2\vs2019_win10\debug\03 rende.10fd2630.tlog\link.write.1.tlog
