  compilation object save succeeded; see E:\3 交互式计算机图形学\2022-交互式计算机图形学\作业提交\张铭源Dx11作业二\03 Rendering a Cube\HLSL\Cube_PS.cso
  compilation object save succeeded; see E:\3 交互式计算机图形学\2022-交互式计算机图形学\作业提交\张铭源Dx11作业二\03 Rendering a Cube\HLSL\Cube_VS.cso
  d3dApp.cpp
  d3dUtil.cpp
  DXTrace.cpp
  GameApp.cpp
E:\3 交互式计算机图形学\2022-交互式计算机图形学\作业提交\张铭源Dx11作业二\03 Rendering a Cube\GameApp.cpp(98,41): warning C4305: “参数”: 从“double”到“float”截断
E:\3 交互式计算机图形学\2022-交互式计算机图形学\作业提交\张铭源Dx11作业二\03 Rendering a Cube\GameApp.cpp(99,39): warning C4305: “参数”: 从“double”到“float”截断
E:\3 交互式计算机图形学\2022-交互式计算机图形学\作业提交\张铭源Dx11作业二\03 Rendering a Cube\GameApp.cpp(100,39): warning C4305: “参数”: 从“double”到“float”截断
E:\3 交互式计算机图形学\2022-交互式计算机图形学\作业提交\张铭源Dx11作业二\03 Rendering a Cube\GameApp.cpp(101,39): warning C4305: “参数”: 从“double”到“float”截断
E:\3 交互式计算机图形学\2022-交互式计算机图形学\作业提交\张铭源Dx11作业二\03 Rendering a Cube\GameApp.cpp(102,39): warning C4305: “参数”: 从“double”到“float”截断
E:\3 交互式计算机图形学\2022-交互式计算机图形学\作业提交\张铭源Dx11作业二\03 Rendering a Cube\GameApp.cpp(103,39): warning C4305: “参数”: 从“double”到“float”截断
E:\3 交互式计算机图形学\2022-交互式计算机图形学\作业提交\张铭源Dx11作业二\03 Rendering a Cube\GameApp.cpp(104,39): warning C4305: “参数”: 从“double”到“float”截断
E:\3 交互式计算机图形学\2022-交互式计算机图形学\作业提交\张铭源Dx11作业二\03 Rendering a Cube\GameApp.cpp(105,40): warning C4305: “参数”: 从“double”到“float”截断
E:\3 交互式计算机图形学\2022-交互式计算机图形学\作业提交\张铭源Dx11作业二\03 Rendering a Cube\GameApp.cpp(106,40): warning C4305: “参数”: 从“double”到“float”截断
E:\3 交互式计算机图形学\2022-交互式计算机图形学\作业提交\张铭源Dx11作业二\03 Rendering a Cube\GameApp.cpp(107,40): warning C4305: “参数”: 从“double”到“float”截断
E:\3 交互式计算机图形学\2022-交互式计算机图形学\作业提交\张铭源Dx11作业二\03 Rendering a Cube\GameApp.cpp(108,40): warning C4305: “参数”: 从“double”到“float”截断
E:\3 交互式计算机图形学\2022-交互式计算机图形学\作业提交\张铭源Dx11作业二\03 Rendering a Cube\GameApp.cpp(109,40): warning C4305: “参数”: 从“double”到“float”截断
E:\3 交互式计算机图形学\2022-交互式计算机图形学\作业提交\张铭源Dx11作业二\03 Rendering a Cube\GameApp.cpp(110,39): warning C4305: “参数”: 从“double”到“float”截断
E:\3 交互式计算机图形学\2022-交互式计算机图形学\作业提交\张铭源Dx11作业二\03 Rendering a Cube\GameApp.cpp(111,39): warning C4305: “参数”: 从“double”到“float”截断
E:\3 交互式计算机图形学\2022-交互式计算机图形学\作业提交\张铭源Dx11作业二\03 Rendering a Cube\GameApp.cpp(112,39): warning C4305: “参数”: 从“double”到“float”截断
E:\3 交互式计算机图形学\2022-交互式计算机图形学\作业提交\张铭源Dx11作业二\03 Rendering a Cube\GameApp.cpp(113,39): warning C4305: “参数”: 从“double”到“float”截断
E:\3 交互式计算机图形学\2022-交互式计算机图形学\作业提交\张铭源Dx11作业二\03 Rendering a Cube\GameApp.cpp(114,40): warning C4305: “参数”: 从“double”到“float”截断
E:\3 交互式计算机图形学\2022-交互式计算机图形学\作业提交\张铭源Dx11作业二\03 Rendering a Cube\GameApp.cpp(115,40): warning C4305: “参数”: 从“double”到“float”截断
E:\3 交互式计算机图形学\2022-交互式计算机图形学\作业提交\张铭源Dx11作业二\03 Rendering a Cube\GameApp.cpp(116,38): warning C4305: “参数”: 从“double”到“float”截断
E:\3 交互式计算机图形学\2022-交互式计算机图形学\作业提交\张铭源Dx11作业二\03 Rendering a Cube\GameApp.cpp(117,38): warning C4305: “参数”: 从“double”到“float”截断
E:\3 交互式计算机图形学\2022-交互式计算机图形学\作业提交\张铭源Dx11作业二\03 Rendering a Cube\GameApp.cpp(118,39): warning C4305: “参数”: 从“double”到“float”截断
E:\3 交互式计算机图形学\2022-交互式计算机图形学\作业提交\张铭源Dx11作业二\03 Rendering a Cube\GameApp.cpp(119,38): warning C4305: “参数”: 从“double”到“float”截断
E:\3 交互式计算机图形学\2022-交互式计算机图形学\作业提交\张铭源Dx11作业二\03 Rendering a Cube\GameApp.cpp(120,39): warning C4305: “参数”: 从“double”到“float”截断
E:\3 交互式计算机图形学\2022-交互式计算机图形学\作业提交\张铭源Dx11作业二\03 Rendering a Cube\GameApp.cpp(121,39): warning C4305: “参数”: 从“double”到“float”截断
E:\3 交互式计算机图形学\2022-交互式计算机图形学\作业提交\张铭源Dx11作业二\03 Rendering a Cube\GameApp.cpp(122,38): warning C4305: “参数”: 从“double”到“float”截断
E:\3 交互式计算机图形学\2022-交互式计算机图形学\作业提交\张铭源Dx11作业二\03 Rendering a Cube\GameApp.cpp(123,38): warning C4305: “参数”: 从“double”到“float”截断
E:\3 交互式计算机图形学\2022-交互式计算机图形学\作业提交\张铭源Dx11作业二\03 Rendering a Cube\GameApp.cpp(124,38): warning C4305: “参数”: 从“double”到“float”截断
E:\3 交互式计算机图形学\2022-交互式计算机图形学\作业提交\张铭源Dx11作业二\03 Rendering a Cube\GameApp.cpp(125,38): warning C4305: “参数”: 从“double”到“float”截断
E:\3 交互式计算机图形学\2022-交互式计算机图形学\作业提交\张铭源Dx11作业二\03 Rendering a Cube\GameApp.cpp(126,40): warning C4305: “参数”: 从“double”到“float”截断
E:\3 交互式计算机图形学\2022-交互式计算机图形学\作业提交\张铭源Dx11作业二\03 Rendering a Cube\GameApp.cpp(127,40): warning C4305: “参数”: 从“double”到“float”截断
E:\3 交互式计算机图形学\2022-交互式计算机图形学\作业提交\张铭源Dx11作业二\03 Rendering a Cube\GameApp.cpp(128,40): warning C4305: “参数”: 从“double”到“float”截断
E:\3 交互式计算机图形学\2022-交互式计算机图形学\作业提交\张铭源Dx11作业二\03 Rendering a Cube\GameApp.cpp(129,39): warning C4305: “参数”: 从“double”到“float”截断
E:\3 交互式计算机图形学\2022-交互式计算机图形学\作业提交\张铭源Dx11作业二\03 Rendering a Cube\GameApp.cpp(130,38): warning C4305: “参数”: 从“double”到“float”截断
E:\3 交互式计算机图形学\2022-交互式计算机图形学\作业提交\张铭源Dx11作业二\03 Rendering a Cube\GameApp.cpp(131,38): warning C4305: “参数”: 从“double”到“float”截断
E:\3 交互式计算机图形学\2022-交互式计算机图形学\作业提交\张铭源Dx11作业二\03 Rendering a Cube\GameApp.cpp(132,39): warning C4305: “参数”: 从“double”到“float”截断
E:\3 交互式计算机图形学\2022-交互式计算机图形学\作业提交\张铭源Dx11作业二\03 Rendering a Cube\GameApp.cpp(133,39): warning C4305: “参数”: 从“double”到“float”截断
E:\3 交互式计算机图形学\2022-交互式计算机图形学\作业提交\张铭源Dx11作业二\03 Rendering a Cube\GameApp.cpp(134,39): warning C4305: “参数”: 从“double”到“float”截断
E:\3 交互式计算机图形学\2022-交互式计算机图形学\作业提交\张铭源Dx11作业二\03 Rendering a Cube\GameApp.cpp(135,39): warning C4305: “参数”: 从“double”到“float”截断
E:\3 交互式计算机图形学\2022-交互式计算机图形学\作业提交\张铭源Dx11作业二\03 Rendering a Cube\GameApp.cpp(136,40): warning C4305: “参数”: 从“double”到“float”截断
E:\3 交互式计算机图形学\2022-交互式计算机图形学\作业提交\张铭源Dx11作业二\03 Rendering a Cube\GameApp.cpp(137,40): warning C4305: “参数”: 从“double”到“float”截断
E:\3 交互式计算机图形学\2022-交互式计算机图形学\作业提交\张铭源Dx11作业二\03 Rendering a Cube\GameApp.cpp(138,39): warning C4305: “参数”: 从“double”到“float”截断
E:\3 交互式计算机图形学\2022-交互式计算机图形学\作业提交\张铭源Dx11作业二\03 Rendering a Cube\GameApp.cpp(139,39): warning C4305: “参数”: 从“double”到“float”截断
E:\3 交互式计算机图形学\2022-交互式计算机图形学\作业提交\张铭源Dx11作业二\03 Rendering a Cube\GameApp.cpp(140,39): warning C4305: “参数”: 从“double”到“float”截断
E:\3 交互式计算机图形学\2022-交互式计算机图形学\作业提交\张铭源Dx11作业二\03 Rendering a Cube\GameApp.cpp(141,39): warning C4305: “参数”: 从“double”到“float”截断
E:\3 交互式计算机图形学\2022-交互式计算机图形学\作业提交\张铭源Dx11作业二\03 Rendering a Cube\GameApp.cpp(142,39): warning C4305: “参数”: 从“double”到“float”截断
E:\3 交互式计算机图形学\2022-交互式计算机图形学\作业提交\张铭源Dx11作业二\03 Rendering a Cube\GameApp.cpp(143,39): warning C4305: “参数”: 从“double”到“float”截断
E:\3 交互式计算机图形学\2022-交互式计算机图形学\作业提交\张铭源Dx11作业二\03 Rendering a Cube\GameApp.cpp(144,38): warning C4305: “参数”: 从“double”到“float”截断
E:\3 交互式计算机图形学\2022-交互式计算机图形学\作业提交\张铭源Dx11作业二\03 Rendering a Cube\GameApp.cpp(145,38): warning C4305: “参数”: 从“double”到“float”截断
E:\3 交互式计算机图形学\2022-交互式计算机图形学\作业提交\张铭源Dx11作业二\03 Rendering a Cube\GameApp.cpp(146,39): warning C4305: “参数”: 从“double”到“float”截断
E:\3 交互式计算机图形学\2022-交互式计算机图形学\作业提交\张铭源Dx11作业二\03 Rendering a Cube\GameApp.cpp(147,39): warning C4305: “参数”: 从“double”到“float”截断
E:\3 交互式计算机图形学\2022-交互式计算机图形学\作业提交\张铭源Dx11作业二\03 Rendering a Cube\GameApp.cpp(148,39): warning C4305: “参数”: 从“double”到“float”截断
E:\3 交互式计算机图形学\2022-交互式计算机图形学\作业提交\张铭源Dx11作业二\03 Rendering a Cube\GameApp.cpp(149,39): warning C4305: “参数”: 从“double”到“float”截断
E:\3 交互式计算机图形学\2022-交互式计算机图形学\作业提交\张铭源Dx11作业二\03 Rendering a Cube\GameApp.cpp(150,39): warning C4305: “参数”: 从“double”到“float”截断
E:\3 交互式计算机图形学\2022-交互式计算机图形学\作业提交\张铭源Dx11作业二\03 Rendering a Cube\GameApp.cpp(151,39): warning C4305: “参数”: 从“double”到“float”截断
E:\3 交互式计算机图形学\2022-交互式计算机图形学\作业提交\张铭源Dx11作业二\03 Rendering a Cube\GameApp.cpp(152,40): warning C4305: “参数”: 从“double”到“float”截断
E:\3 交互式计算机图形学\2022-交互式计算机图形学\作业提交\张铭源Dx11作业二\03 Rendering a Cube\GameApp.cpp(153,40): warning C4305: “参数”: 从“double”到“float”截断
E:\3 交互式计算机图形学\2022-交互式计算机图形学\作业提交\张铭源Dx11作业二\03 Rendering a Cube\GameApp.cpp(154,40): warning C4305: “参数”: 从“double”到“float”截断
E:\3 交互式计算机图形学\2022-交互式计算机图形学\作业提交\张铭源Dx11作业二\03 Rendering a Cube\GameApp.cpp(155,40): warning C4305: “参数”: 从“double”到“float”截断
E:\3 交互式计算机图形学\2022-交互式计算机图形学\作业提交\张铭源Dx11作业二\03 Rendering a Cube\GameApp.cpp(156,40): warning C4305: “参数”: 从“double”到“float”截断
E:\3 交互式计算机图形学\2022-交互式计算机图形学\作业提交\张铭源Dx11作业二\03 Rendering a Cube\GameApp.cpp(157,40): warning C4305: “参数”: 从“double”到“float”截断
E:\3 交互式计算机图形学\2022-交互式计算机图形学\作业提交\张铭源Dx11作业二\03 Rendering a Cube\GameApp.cpp(158,39): warning C4305: “参数”: 从“double”到“float”截断
E:\3 交互式计算机图形学\2022-交互式计算机图形学\作业提交\张铭源Dx11作业二\03 Rendering a Cube\GameApp.cpp(159,39): warning C4305: “参数”: 从“double”到“float”截断
E:\3 交互式计算机图形学\2022-交互式计算机图形学\作业提交\张铭源Dx11作业二\03 Rendering a Cube\GameApp.cpp(160,39): warning C4305: “参数”: 从“double”到“float”截断
E:\3 交互式计算机图形学\2022-交互式计算机图形学\作业提交\张铭源Dx11作业二\03 Rendering a Cube\GameApp.cpp(161,39): warning C4305: “参数”: 从“double”到“float”截断
E:\3 交互式计算机图形学\2022-交互式计算机图形学\作业提交\张铭源Dx11作业二\03 Rendering a Cube\GameApp.cpp(162,39): warning C4305: “参数”: 从“double”到“float”截断
E:\3 交互式计算机图形学\2022-交互式计算机图形学\作业提交\张铭源Dx11作业二\03 Rendering a Cube\GameApp.cpp(163,39): warning C4305: “参数”: 从“double”到“float”截断
E:\3 交互式计算机图形学\2022-交互式计算机图形学\作业提交\张铭源Dx11作业二\03 Rendering a Cube\GameApp.cpp(164,39): warning C4305: “参数”: 从“double”到“float”截断
E:\3 交互式计算机图形学\2022-交互式计算机图形学\作业提交\张铭源Dx11作业二\03 Rendering a Cube\GameApp.cpp(165,39): warning C4305: “参数”: 从“double”到“float”截断
E:\3 交互式计算机图形学\2022-交互式计算机图形学\作业提交\张铭源Dx11作业二\03 Rendering a Cube\GameApp.cpp(166,39): warning C4305: “参数”: 从“double”到“float”截断
E:\3 交互式计算机图形学\2022-交互式计算机图形学\作业提交\张铭源Dx11作业二\03 Rendering a Cube\GameApp.cpp(167,40): warning C4305: “参数”: 从“double”到“float”截断
E:\3 交互式计算机图形学\2022-交互式计算机图形学\作业提交\张铭源Dx11作业二\03 Rendering a Cube\GameApp.cpp(168,39): warning C4305: “参数”: 从“double”到“float”截断
E:\3 交互式计算机图形学\2022-交互式计算机图形学\作业提交\张铭源Dx11作业二\03 Rendering a Cube\GameApp.cpp(169,39): warning C4305: “参数”: 从“double”到“float”截断
E:\3 交互式计算机图形学\2022-交互式计算机图形学\作业提交\张铭源Dx11作业二\03 Rendering a Cube\GameApp.cpp(170,40): warning C4305: “参数”: 从“double”到“float”截断
E:\3 交互式计算机图形学\2022-交互式计算机图形学\作业提交\张铭源Dx11作业二\03 Rendering a Cube\GameApp.cpp(171,40): warning C4305: “参数”: 从“double”到“float”截断
E:\3 交互式计算机图形学\2022-交互式计算机图形学\作业提交\张铭源Dx11作业二\03 Rendering a Cube\GameApp.cpp(172,40): warning C4305: “参数”: 从“double”到“float”截断
E:\3 交互式计算机图形学\2022-交互式计算机图形学\作业提交\张铭源Dx11作业二\03 Rendering a Cube\GameApp.cpp(173,40): warning C4305: “参数”: 从“double”到“float”截断
E:\3 交互式计算机图形学\2022-交互式计算机图形学\作业提交\张铭源Dx11作业二\03 Rendering a Cube\GameApp.cpp(174,39): warning C4305: “参数”: 从“double”到“float”截断
E:\3 交互式计算机图形学\2022-交互式计算机图形学\作业提交\张铭源Dx11作业二\03 Rendering a Cube\GameApp.cpp(175,39): warning C4305: “参数”: 从“double”到“float”截断
E:\3 交互式计算机图形学\2022-交互式计算机图形学\作业提交\张铭源Dx11作业二\03 Rendering a Cube\GameApp.cpp(176,39): warning C4305: “参数”: 从“double”到“float”截断
E:\3 交互式计算机图形学\2022-交互式计算机图形学\作业提交\张铭源Dx11作业二\03 Rendering a Cube\GameApp.cpp(177,39): warning C4305: “参数”: 从“double”到“float”截断
E:\3 交互式计算机图形学\2022-交互式计算机图形学\作业提交\张铭源Dx11作业二\03 Rendering a Cube\GameApp.cpp(178,40): warning C4305: “参数”: 从“double”到“float”截断
E:\3 交互式计算机图形学\2022-交互式计算机图形学\作业提交\张铭源Dx11作业二\03 Rendering a Cube\GameApp.cpp(179,40): warning C4305: “参数”: 从“double”到“float”截断
E:\3 交互式计算机图形学\2022-交互式计算机图形学\作业提交\张铭源Dx11作业二\03 Rendering a Cube\GameApp.cpp(180,38): warning C4305: “参数”: 从“double”到“float”截断
E:\3 交互式计算机图形学\2022-交互式计算机图形学\作业提交\张铭源Dx11作业二\03 Rendering a Cube\GameApp.cpp(181,38): warning C4305: “参数”: 从“double”到“float”截断
E:\3 交互式计算机图形学\2022-交互式计算机图形学\作业提交\张铭源Dx11作业二\03 Rendering a Cube\GameApp.cpp(182,39): warning C4305: “参数”: 从“double”到“float”截断
E:\3 交互式计算机图形学\2022-交互式计算机图形学\作业提交\张铭源Dx11作业二\03 Rendering a Cube\GameApp.cpp(183,39): warning C4305: “参数”: 从“double”到“float”截断
E:\3 交互式计算机图形学\2022-交互式计算机图形学\作业提交\张铭源Dx11作业二\03 Rendering a Cube\GameApp.cpp(184,39): warning C4305: “参数”: 从“double”到“float”截断
E:\3 交互式计算机图形学\2022-交互式计算机图形学\作业提交\张铭源Dx11作业二\03 Rendering a Cube\GameApp.cpp(185,38): warning C4305: “参数”: 从“double”到“float”截断
E:\3 交互式计算机图形学\2022-交互式计算机图形学\作业提交\张铭源Dx11作业二\03 Rendering a Cube\GameApp.cpp(186,38): warning C4305: “参数”: 从“double”到“float”截断
E:\3 交互式计算机图形学\2022-交互式计算机图形学\作业提交\张铭源Dx11作业二\03 Rendering a Cube\GameApp.cpp(187,38): warning C4305: “参数”: 从“double”到“float”截断
E:\3 交互式计算机图形学\2022-交互式计算机图形学\作业提交\张铭源Dx11作业二\03 Rendering a Cube\GameApp.cpp(188,38): warning C4305: “参数”: 从“double”到“float”截断
E:\3 交互式计算机图形学\2022-交互式计算机图形学\作业提交\张铭源Dx11作业二\03 Rendering a Cube\GameApp.cpp(189,38): warning C4305: “参数”: 从“double”到“float”截断
E:\3 交互式计算机图形学\2022-交互式计算机图形学\作业提交\张铭源Dx11作业二\03 Rendering a Cube\GameApp.cpp(190,40): warning C4305: “参数”: 从“double”到“float”截断
E:\3 交互式计算机图形学\2022-交互式计算机图形学\作业提交\张铭源Dx11作业二\03 Rendering a Cube\GameApp.cpp(191,39): warning C4305: “参数”: 从“double”到“float”截断
E:\3 交互式计算机图形学\2022-交互式计算机图形学\作业提交\张铭源Dx11作业二\03 Rendering a Cube\GameApp.cpp(192,40): warning C4305: “参数”: 从“double”到“float”截断
E:\3 交互式计算机图形学\2022-交互式计算机图形学\作业提交\张铭源Dx11作业二\03 Rendering a Cube\GameApp.cpp(193,40): warning C4305: “参数”: 从“double”到“float”截断
E:\3 交互式计算机图形学\2022-交互式计算机图形学\作业提交\张铭源Dx11作业二\03 Rendering a Cube\GameApp.cpp(194,38): warning C4305: “参数”: 从“double”到“float”截断
E:\3 交互式计算机图形学\2022-交互式计算机图形学\作业提交\张铭源Dx11作业二\03 Rendering a Cube\GameApp.cpp(195,38): warning C4305: “参数”: 从“double”到“float”截断
E:\3 交互式计算机图形学\2022-交互式计算机图形学\作业提交\张铭源Dx11作业二\03 Rendering a Cube\GameApp.cpp(196,39): warning C4305: “参数”: 从“double”到“float”截断
E:\3 交互式计算机图形学\2022-交互式计算机图形学\作业提交\张铭源Dx11作业二\03 Rendering a Cube\GameApp.cpp(197,39): warning C4305: “参数”: 从“double”到“float”截断
E:\3 交互式计算机图形学\2022-交互式计算机图形学\作业提交\张铭源Dx11作业二\03 Rendering a Cube\GameApp.cpp(198,39): warning C4305: “参数”: 从“double”到“float”截断
E:\3 交互式计算机图形学\2022-交互式计算机图形学\作业提交\张铭源Dx11作业二\03 Rendering a Cube\GameApp.cpp(199,39): warning C4305: “参数”: 从“double”到“float”截断
E:\3 交互式计算机图形学\2022-交互式计算机图形学\作业提交\张铭源Dx11作业二\03 Rendering a Cube\GameApp.cpp(200,40): warning C4305: “参数”: 从“double”到“float”截断
E:\3 交互式计算机图形学\2022-交互式计算机图形学\作业提交\张铭源Dx11作业二\03 Rendering a Cube\GameApp.cpp(201,40): warning C4305: “参数”: 从“double”到“float”截断
E:\3 交互式计算机图形学\2022-交互式计算机图形学\作业提交\张铭源Dx11作业二\03 Rendering a Cube\GameApp.cpp(202,39): warning C4305: “参数”: 从“double”到“float”截断
E:\3 交互式计算机图形学\2022-交互式计算机图形学\作业提交\张铭源Dx11作业二\03 Rendering a Cube\GameApp.cpp(203,39): warning C4305: “参数”: 从“double”到“float”截断
E:\3 交互式计算机图形学\2022-交互式计算机图形学\作业提交\张铭源Dx11作业二\03 Rendering a Cube\GameApp.cpp(204,39): warning C4305: “参数”: 从“double”到“float”截断
E:\3 交互式计算机图形学\2022-交互式计算机图形学\作业提交\张铭源Dx11作业二\03 Rendering a Cube\GameApp.cpp(205,39): warning C4305: “参数”: 从“double”到“float”截断
E:\3 交互式计算机图形学\2022-交互式计算机图形学\作业提交\张铭源Dx11作业二\03 Rendering a Cube\GameApp.cpp(206,39): warning C4305: “参数”: 从“double”到“float”截断
E:\3 交互式计算机图形学\2022-交互式计算机图形学\作业提交\张铭源Dx11作业二\03 Rendering a Cube\GameApp.cpp(207,39): warning C4305: “参数”: 从“double”到“float”截断
E:\3 交互式计算机图形学\2022-交互式计算机图形学\作业提交\张铭源Dx11作业二\03 Rendering a Cube\GameApp.cpp(208,38): warning C4305: “参数”: 从“double”到“float”截断
E:\3 交互式计算机图形学\2022-交互式计算机图形学\作业提交\张铭源Dx11作业二\03 Rendering a Cube\GameApp.cpp(209,38): warning C4305: “参数”: 从“double”到“float”截断
E:\3 交互式计算机图形学\2022-交互式计算机图形学\作业提交\张铭源Dx11作业二\03 Rendering a Cube\GameApp.cpp(210,39): warning C4305: “参数”: 从“double”到“float”截断
E:\3 交互式计算机图形学\2022-交互式计算机图形学\作业提交\张铭源Dx11作业二\03 Rendering a Cube\GameApp.cpp(211,39): warning C4305: “参数”: 从“double”到“float”截断
E:\3 交互式计算机图形学\2022-交互式计算机图形学\作业提交\张铭源Dx11作业二\03 Rendering a Cube\GameApp.cpp(212,39): warning C4305: “参数”: 从“double”到“float”截断
E:\3 交互式计算机图形学\2022-交互式计算机图形学\作业提交\张铭源Dx11作业二\03 Rendering a Cube\GameApp.cpp(213,39): warning C4305: “参数”: 从“double”到“float”截断
E:\3 交互式计算机图形学\2022-交互式计算机图形学\作业提交\张铭源Dx11作业二\03 Rendering a Cube\GameApp.cpp(214,39): warning C4305: “参数”: 从“double”到“float”截断
E:\3 交互式计算机图形学\2022-交互式计算机图形学\作业提交\张铭源Dx11作业二\03 Rendering a Cube\GameApp.cpp(215,39): warning C4305: “参数”: 从“double”到“float”截断
E:\3 交互式计算机图形学\2022-交互式计算机图形学\作业提交\张铭源Dx11作业二\03 Rendering a Cube\GameApp.cpp(216,40): warning C4305: “参数”: 从“double”到“float”截断
E:\3 交互式计算机图形学\2022-交互式计算机图形学\作业提交\张铭源Dx11作业二\03 Rendering a Cube\GameApp.cpp(217,40): warning C4305: “参数”: 从“double”到“float”截断
E:\3 交互式计算机图形学\2022-交互式计算机图形学\作业提交\张铭源Dx11作业二\03 Rendering a Cube\GameApp.cpp(218,40): warning C4305: “参数”: 从“double”到“float”截断
E:\3 交互式计算机图形学\2022-交互式计算机图形学\作业提交\张铭源Dx11作业二\03 Rendering a Cube\GameApp.cpp(219,40): warning C4305: “参数”: 从“double”到“float”截断
E:\3 交互式计算机图形学\2022-交互式计算机图形学\作业提交\张铭源Dx11作业二\03 Rendering a Cube\GameApp.cpp(220,40): warning C4305: “参数”: 从“double”到“float”截断
E:\3 交互式计算机图形学\2022-交互式计算机图形学\作业提交\张铭源Dx11作业二\03 Rendering a Cube\GameApp.cpp(221,40): warning C4305: “参数”: 从“double”到“float”截断
E:\3 交互式计算机图形学\2022-交互式计算机图形学\作业提交\张铭源Dx11作业二\03 Rendering a Cube\GameApp.cpp(222,39): warning C4305: “参数”: 从“double”到“float”截断
E:\3 交互式计算机图形学\2022-交互式计算机图形学\作业提交\张铭源Dx11作业二\03 Rendering a Cube\GameApp.cpp(223,39): warning C4305: “参数”: 从“double”到“float”截断
E:\3 交互式计算机图形学\2022-交互式计算机图形学\作业提交\张铭源Dx11作业二\03 Rendering a Cube\GameApp.cpp(224,39): warning C4305: “参数”: 从“double”到“float”截断
E:\3 交互式计算机图形学\2022-交互式计算机图形学\作业提交\张铭源Dx11作业二\03 Rendering a Cube\GameApp.cpp(225,39): warning C4305: “参数”: 从“double”到“float”截断
  GameTimer.cpp
  Main.cpp
  正在生成代码...
  03 Rendering a Cube(2019 Win10).vcxproj -> E:\3 交互式计算机图形学\2022-交互式计算机图形学\作业提交\张铭源Dx11作业二\03 Rendering a Cube\03 Rendering a Cube(2019 Win10).exe
